<?xml version="1.0" encoding="UTF-8"?>
<!-- Generated by org.testng.reporters.JUnitXMLReporter -->
<testsuite hostname="CDC2-D-CJBRXJ2" ignored="0" name="Default test" tests="4" failures="0" timestamp="07 Oct 2019 06:29:19 GMT" time="38.502" errors="0">
  <testcase name="signup" time="7.644" classname="Casestudy.CaseStudy_1"/>
  <testcase name="signin" time="1.478" classname="Casestudy.CaseStudy_1"/>
  <testcase name="testcart" time="5.65" classname="Casestudy.CaseStudy_1"/>
  <testcase name="testPayment" time="8.186" classname="Casestudy.CaseStudy_1"/>
</testsuite> <!-- Default test -->
